Arguments: 
  C:\Program Files\nodejs\node.exe C:\Users\Pro\AppData\Roaming\npm\node_modules\yarn\bin\yarn.js add formik yup @types/yup

PATH: 
  C:\Program Files\BellSoft\LibericaJDK-11\bin\;C:\Windows\system32;C:\Windows;C:\Windows\System32\Wbem;C:\Windows\System32\WindowsPowerShell\v1.0\;C:\Windows\System32\OpenSSH\;C:\Program Files (x86)\NVIDIA Corporation\PhysX\Common;C:\Program Files\NVIDIA Corporation\NVIDIA NvDLISR;C:\Program Files\Git\cmd;C:\Program Files\CMake\bin;C:\WINDOWS\system32;C:\WINDOWS;C:\WINDOWS\System32\Wbem;C:\WINDOWS\System32\WindowsPowerShell\v1.0\;C:\WINDOWS\System32\OpenSSH\;C:\Users\Pro\AppData\Roaming\nvm;C:\Program Files\nodejs;C:\Users\Pro\scoop\shims;C:\Users\Pro\AppData\Local\Microsoft\WindowsApps;C:\Users\Pro\AppData\Local\Programs\Microsoft VS Code\bin;C:\Users\Pro\AppData\Roaming\npm;C:\Users\Pro\AppData\Roaming\nvm;C:\Program Files\nodejs

Yarn version: 
  1.22.19

Node version: 
  16.16.0

Platform: 
  win32 x64

Trace: 
  Error: EPERM: operation not permitted, unlink 'C:\Users\Pro\Documents\NextApp\my-app\node_modules\@next\swc-win32-x64-msvc\next-swc.win32-x64-msvc.node'

npm manifest: 
  {
    "name": "my-app",
    "version": "0.1.0",
    "private": true,
    "scripts": {
      "dev": "next dev",
      "build": "next build",
      "start": "next start",
      "lint": "next lint"
    },
    "dependencies": {
      "@types/node": "20.4.8",
      "@types/react": "18.2.19",
      "@types/react-dom": "18.2.7",
      "autoprefixer": "10.4.14",
      "eslint": "8.46.0",
      "eslint-config-next": "13.4.13",
      "next": "13.4.13",
      "postcss": "8.4.27",
      "react": "18.2.0",
      "react-dom": "18.2.0",
      "tailwindcss": "3.3.3",
      "typescript": "5.1.6"
    }
  }

yarn manifest: 
  No manifest

Lockfile: 
  No lockfile
